[Sat Nov 15 12:20:08.815347 2025] [ssl:warn] [pid 13364:tid 488] AH01909: www.example.com:443:0 server certificate does NOT include an ID which matches the server name
[Sat Nov 15 12:20:08.866927 2025] [ssl:warn] [pid 13364:tid 488] AH01909: www.example.com:443:0 server certificate does NOT include an ID which matches the server name
[Sat Nov 15 12:20:09.308261 2025] [mpm_winnt:notice] [pid 13364:tid 488] AH00455: Apache/2.4.58 (Win64) OpenSSL/3.1.3 PHP/8.1.25 configured -- resuming normal operations
[Sat Nov 15 12:20:09.308261 2025] [mpm_winnt:notice] [pid 13364:tid 488] AH00456: Apache Lounge VS17 Server built: Oct 18 2023 13:03:18
[Sat Nov 15 12:20:09.308261 2025] [core:notice] [pid 13364:tid 488] AH00094: Command line: 'C:\\xampp\\apache\\bin\\httpd.exe -d C:/xampp/apache'
[Sat Nov 15 12:20:09.318190 2025] [mpm_winnt:notice] [pid 13364:tid 488] AH00418: Parent: Created child process 13736
[Sat Nov 15 12:20:10.147421 2025] [ssl:warn] [pid 13736:tid 472] AH01909: www.example.com:443:0 server certificate does NOT include an ID which matches the server name
[Sat Nov 15 12:20:10.222698 2025] [ssl:warn] [pid 13736:tid 472] AH01909: www.example.com:443:0 server certificate does NOT include an ID which matches the server name
[Sat Nov 15 12:20:10.298143 2025] [mpm_winnt:notice] [pid 13736:tid 472] AH00354: Child: Starting 150 worker threads.
[Sat Nov 15 12:25:06.138427 2025] [ssl:warn] [pid 16320:tid 488] AH01909: www.example.com:443:0 server certificate does NOT include an ID which matches the server name
[Sat Nov 15 12:25:06.177689 2025] [ssl:warn] [pid 16320:tid 488] AH01909: www.example.com:443:0 server certificate does NOT include an ID which matches the server name
[Sat Nov 15 12:25:06.212594 2025] [mpm_winnt:notice] [pid 16320:tid 488] AH00455: Apache/2.4.58 (Win64) OpenSSL/3.1.3 PHP/8.1.25 configured -- resuming normal operations
[Sat Nov 15 12:25:06.212594 2025] [mpm_winnt:notice] [pid 16320:tid 488] AH00456: Apache Lounge VS17 Server built: Oct 18 2023 13:03:18
[Sat Nov 15 12:25:06.212594 2025] [core:notice] [pid 16320:tid 488] AH00094: Command line: 'c:\\xampp\\apache\\bin\\httpd.exe -d C:/xampp/apache'
[Sat Nov 15 12:25:06.222128 2025] [mpm_winnt:notice] [pid 16320:tid 488] AH00418: Parent: Created child process 9992
[Sat Nov 15 12:25:06.659732 2025] [ssl:warn] [pid 9992:tid 464] AH01909: www.example.com:443:0 server certificate does NOT include an ID which matches the server name
[Sat Nov 15 12:25:06.703063 2025] [ssl:warn] [pid 9992:tid 464] AH01909: www.example.com:443:0 server certificate does NOT include an ID which matches the server name
[Sat Nov 15 12:25:06.747614 2025] [mpm_winnt:notice] [pid 9992:tid 464] AH00354: Child: Starting 150 worker threads.
[Sun Nov 16 08:54:01.222203 2025] [ssl:warn] [pid 20928:tid 444] AH01909: www.example.com:443:0 server certificate does NOT include an ID which matches the server name
[Sun Nov 16 08:54:01.332187 2025] [core:warn] [pid 20928:tid 444] AH00098: pid file C:/xampp/apache/logs/httpd.pid overwritten -- Unclean shutdown of previous Apache run?
[Sun Nov 16 08:54:01.341218 2025] [ssl:warn] [pid 20928:tid 444] AH01909: www.example.com:443:0 server certificate does NOT include an ID which matches the server name
[Sun Nov 16 08:54:02.211184 2025] [mpm_winnt:notice] [pid 20928:tid 444] AH00455: Apache/2.4.58 (Win64) OpenSSL/3.1.3 PHP/8.1.25 configured -- resuming normal operations
[Sun Nov 16 08:54:02.211184 2025] [mpm_winnt:notice] [pid 20928:tid 444] AH00456: Apache Lounge VS17 Server built: Oct 18 2023 13:03:18
[Sun Nov 16 08:54:02.211184 2025] [core:notice] [pid 20928:tid 444] AH00094: Command line: 'c:\\xampp\\apache\\bin\\httpd.exe -d C:/xampp/apache'
[Sun Nov 16 08:54:02.217194 2025] [mpm_winnt:notice] [pid 20928:tid 444] AH00418: Parent: Created child process 20676
[Sun Nov 16 08:54:02.819698 2025] [ssl:warn] [pid 20676:tid 444] AH01909: www.example.com:443:0 server certificate does NOT include an ID which matches the server name
[Sun Nov 16 08:54:02.877427 2025] [ssl:warn] [pid 20676:tid 444] AH01909: www.example.com:443:0 server certificate does NOT include an ID which matches the server name
[Sun Nov 16 08:54:02.933142 2025] [mpm_winnt:notice] [pid 20676:tid 444] AH00354: Child: Starting 150 worker threads.
